<?xml version="1.0" encoding="UTF-8"?>
<!-- Generated by org.testng.reporters.JUnitReportReporter -->
<testsuite skipped="0" hostname="HEAVEN-PC" name="com.Automation.homepage.TC02_VerifyLoginWithValidCredentails" tests="1" failures="0" timestamp="16 Jun 2018 18:53:04 GMT" time="7.537" errors="0">
  <testcase name="VerifyLoginWithValidCredentails" time="7.537" classname="com.Automation.homepage.TC02_VerifyLoginWithValidCredentails"/>
</testsuite> <!-- com.Automation.homepage.TC02_VerifyLoginWithValidCredentails -->
